13:57:00: [INFO] [/Users/danielwliu/Dev/projects/2025/autonomy-bootcamp-2025-p2/modules/heartbeat/heartbeat_receiver_worker.py | heartbeat_receiver_worker | 47] Logger initialized
13:57:00: [INFO] [/Users/danielwliu/Dev/projects/2025/autonomy-bootcamp-2025-p2/modules/heartbeat/heartbeat_receiver_worker.py | heartbeat_receiver_worker | 61] Starting heartbeat receiving loop
13:57:00: [INFO] [/Users/danielwliu/Dev/projects/2025/autonomy-bootcamp-2025-p2/modules/heartbeat/heartbeat_receiver_worker.py | heartbeat_receiver_worker | 63] Attempting to receive heartbeat
13:57:00: [INFO] [/Users/danielwliu/Dev/projects/2025/autonomy-bootcamp-2025-p2/modules/heartbeat/heartbeat_receiver.py | run | 64] Heartbeat received successfully
13:57:00: [INFO] [/Users/danielwliu/Dev/projects/2025/autonomy-bootcamp-2025-p2/modules/heartbeat/heartbeat_receiver_worker.py | heartbeat_receiver_worker | 71] Sleeping for 1 seconds
13:57:01: [INFO] [/Users/danielwliu/Dev/projects/2025/autonomy-bootcamp-2025-p2/modules/heartbeat/heartbeat_receiver_worker.py | heartbeat_receiver_worker | 63] Attempting to receive heartbeat
13:57:01: [INFO] [/Users/danielwliu/Dev/projects/2025/autonomy-bootcamp-2025-p2/modules/heartbeat/heartbeat_receiver.py | run | 64] Heartbeat received successfully
13:57:01: [INFO] [/Users/danielwliu/Dev/projects/2025/autonomy-bootcamp-2025-p2/modules/heartbeat/heartbeat_receiver_worker.py | heartbeat_receiver_worker | 71] Sleeping for 1 seconds
13:57:02: [INFO] [/Users/danielwliu/Dev/projects/2025/autonomy-bootcamp-2025-p2/modules/heartbeat/heartbeat_receiver_worker.py | heartbeat_receiver_worker | 63] Attempting to receive heartbeat
13:57:02: [INFO] [/Users/danielwliu/Dev/projects/2025/autonomy-bootcamp-2025-p2/modules/heartbeat/heartbeat_receiver.py | run | 64] Heartbeat received successfully
13:57:02: [INFO] [/Users/danielwliu/Dev/projects/2025/autonomy-bootcamp-2025-p2/modules/heartbeat/heartbeat_receiver_worker.py | heartbeat_receiver_worker | 71] Sleeping for 1 seconds
13:57:03: [INFO] [/Users/danielwliu/Dev/projects/2025/autonomy-bootcamp-2025-p2/modules/heartbeat/heartbeat_receiver_worker.py | heartbeat_receiver_worker | 63] Attempting to receive heartbeat
13:57:03: [INFO] [/Users/danielwliu/Dev/projects/2025/autonomy-bootcamp-2025-p2/modules/heartbeat/heartbeat_receiver.py | run | 64] Heartbeat received successfully
13:57:03: [INFO] [/Users/danielwliu/Dev/projects/2025/autonomy-bootcamp-2025-p2/modules/heartbeat/heartbeat_receiver_worker.py | heartbeat_receiver_worker | 71] Sleeping for 1 seconds
13:57:04: [INFO] [/Users/danielwliu/Dev/projects/2025/autonomy-bootcamp-2025-p2/modules/heartbeat/heartbeat_receiver_worker.py | heartbeat_receiver_worker | 63] Attempting to receive heartbeat
13:57:04: [INFO] [/Users/danielwliu/Dev/projects/2025/autonomy-bootcamp-2025-p2/modules/heartbeat/heartbeat_receiver.py | run | 64] Heartbeat received successfully
13:57:04: [INFO] [/Users/danielwliu/Dev/projects/2025/autonomy-bootcamp-2025-p2/modules/heartbeat/heartbeat_receiver_worker.py | heartbeat_receiver_worker | 71] Sleeping for 1 seconds
13:57:05: [INFO] [/Users/danielwliu/Dev/projects/2025/autonomy-bootcamp-2025-p2/modules/heartbeat/heartbeat_receiver_worker.py | heartbeat_receiver_worker | 63] Attempting to receive heartbeat
13:57:05: [WARNING] [/Users/danielwliu/Dev/projects/2025/autonomy-bootcamp-2025-p2/modules/heartbeat/heartbeat_receiver.py | run | 67] No heartbeat received, consecutive failures: 1
13:57:05: [INFO] [/Users/danielwliu/Dev/projects/2025/autonomy-bootcamp-2025-p2/modules/heartbeat/heartbeat_receiver_worker.py | heartbeat_receiver_worker | 71] Sleeping for 1 seconds
13:57:06: [INFO] [/Users/danielwliu/Dev/projects/2025/autonomy-bootcamp-2025-p2/modules/heartbeat/heartbeat_receiver_worker.py | heartbeat_receiver_worker | 63] Attempting to receive heartbeat
13:57:06: [WARNING] [/Users/danielwliu/Dev/projects/2025/autonomy-bootcamp-2025-p2/modules/heartbeat/heartbeat_receiver.py | run | 67] No heartbeat received, consecutive failures: 2
13:57:06: [INFO] [/Users/danielwliu/Dev/projects/2025/autonomy-bootcamp-2025-p2/modules/heartbeat/heartbeat_receiver_worker.py | heartbeat_receiver_worker | 71] Sleeping for 1 seconds
13:57:07: [INFO] [/Users/danielwliu/Dev/projects/2025/autonomy-bootcamp-2025-p2/modules/heartbeat/heartbeat_receiver_worker.py | heartbeat_receiver_worker | 63] Attempting to receive heartbeat
13:57:07: [WARNING] [/Users/danielwliu/Dev/projects/2025/autonomy-bootcamp-2025-p2/modules/heartbeat/heartbeat_receiver.py | run | 67] No heartbeat received, consecutive failures: 3
13:57:07: [INFO] [/Users/danielwliu/Dev/projects/2025/autonomy-bootcamp-2025-p2/modules/heartbeat/heartbeat_receiver_worker.py | heartbeat_receiver_worker | 71] Sleeping for 1 seconds
13:57:08: [INFO] [/Users/danielwliu/Dev/projects/2025/autonomy-bootcamp-2025-p2/modules/heartbeat/heartbeat_receiver_worker.py | heartbeat_receiver_worker | 63] Attempting to receive heartbeat
13:57:08: [WARNING] [/Users/danielwliu/Dev/projects/2025/autonomy-bootcamp-2025-p2/modules/heartbeat/heartbeat_receiver.py | run | 67] No heartbeat received, consecutive failures: 4
13:57:08: [INFO] [/Users/danielwliu/Dev/projects/2025/autonomy-bootcamp-2025-p2/modules/heartbeat/heartbeat_receiver_worker.py | heartbeat_receiver_worker | 71] Sleeping for 1 seconds
13:57:09: [INFO] [/Users/danielwliu/Dev/projects/2025/autonomy-bootcamp-2025-p2/modules/heartbeat/heartbeat_receiver_worker.py | heartbeat_receiver_worker | 63] Attempting to receive heartbeat
13:57:09: [WARNING] [/Users/danielwliu/Dev/projects/2025/autonomy-bootcamp-2025-p2/modules/heartbeat/heartbeat_receiver.py | run | 67] No heartbeat received, consecutive failures: 5
13:57:09: [ERROR] [/Users/danielwliu/Dev/projects/2025/autonomy-bootcamp-2025-p2/modules/heartbeat/heartbeat_receiver.py | run | 74] Connection considered disconnected
13:57:09: [INFO] [/Users/danielwliu/Dev/projects/2025/autonomy-bootcamp-2025-p2/modules/heartbeat/heartbeat_receiver_worker.py | heartbeat_receiver_worker | 71] Sleeping for 1 seconds
13:57:10: [INFO] [/Users/danielwliu/Dev/projects/2025/autonomy-bootcamp-2025-p2/modules/heartbeat/heartbeat_receiver_worker.py | heartbeat_receiver_worker | 63] Attempting to receive heartbeat
13:57:10: [WARNING] [/Users/danielwliu/Dev/projects/2025/autonomy-bootcamp-2025-p2/modules/heartbeat/heartbeat_receiver.py | run | 67] No heartbeat received, consecutive failures: 6
13:57:10: [ERROR] [/Users/danielwliu/Dev/projects/2025/autonomy-bootcamp-2025-p2/modules/heartbeat/heartbeat_receiver.py | run | 74] Connection considered disconnected
13:57:10: [ERROR] [/Users/danielwliu/Dev/projects/2025/autonomy-bootcamp-2025-p2/modules/heartbeat/heartbeat_receiver_worker.py | heartbeat_receiver_worker | 67] Failed to receive heartbeat
13:57:10: [INFO] [/Users/danielwliu/Dev/projects/2025/autonomy-bootcamp-2025-p2/modules/heartbeat/heartbeat_receiver_worker.py | heartbeat_receiver_worker | 71] Sleeping for 1 seconds
13:57:11: [INFO] [/Users/danielwliu/Dev/projects/2025/autonomy-bootcamp-2025-p2/modules/heartbeat/heartbeat_receiver_worker.py | heartbeat_receiver_worker | 63] Attempting to receive heartbeat
13:57:11: [WARNING] [/Users/danielwliu/Dev/projects/2025/autonomy-bootcamp-2025-p2/modules/heartbeat/heartbeat_receiver.py | run | 67] No heartbeat received, consecutive failures: 7
13:57:11: [ERROR] [/Users/danielwliu/Dev/projects/2025/autonomy-bootcamp-2025-p2/modules/heartbeat/heartbeat_receiver.py | run | 74] Connection considered disconnected
13:57:11: [ERROR] [/Users/danielwliu/Dev/projects/2025/autonomy-bootcamp-2025-p2/modules/heartbeat/heartbeat_receiver_worker.py | heartbeat_receiver_worker | 67] Failed to receive heartbeat
13:57:11: [INFO] [/Users/danielwliu/Dev/projects/2025/autonomy-bootcamp-2025-p2/modules/heartbeat/heartbeat_receiver_worker.py | heartbeat_receiver_worker | 71] Sleeping for 1 seconds
13:57:12: [INFO] [/Users/danielwliu/Dev/projects/2025/autonomy-bootcamp-2025-p2/modules/heartbeat/heartbeat_receiver_worker.py | heartbeat_receiver_worker | 63] Attempting to receive heartbeat
13:57:12: [WARNING] [/Users/danielwliu/Dev/projects/2025/autonomy-bootcamp-2025-p2/modules/heartbeat/heartbeat_receiver.py | run | 67] No heartbeat received, consecutive failures: 8
13:57:12: [ERROR] [/Users/danielwliu/Dev/projects/2025/autonomy-bootcamp-2025-p2/modules/heartbeat/heartbeat_receiver.py | run | 74] Connection considered disconnected
13:57:12: [ERROR] [/Users/danielwliu/Dev/projects/2025/autonomy-bootcamp-2025-p2/modules/heartbeat/heartbeat_receiver_worker.py | heartbeat_receiver_worker | 67] Failed to receive heartbeat
13:57:12: [INFO] [/Users/danielwliu/Dev/projects/2025/autonomy-bootcamp-2025-p2/modules/heartbeat/heartbeat_receiver_worker.py | heartbeat_receiver_worker | 71] Sleeping for 1 seconds
13:57:13: [INFO] [/Users/danielwliu/Dev/projects/2025/autonomy-bootcamp-2025-p2/modules/heartbeat/heartbeat_receiver_worker.py | heartbeat_receiver_worker | 63] Attempting to receive heartbeat
13:57:13: [INFO] [/Users/danielwliu/Dev/projects/2025/autonomy-bootcamp-2025-p2/modules/heartbeat/heartbeat_receiver.py | run | 64] Heartbeat received successfully
13:57:13: [INFO] [/Users/danielwliu/Dev/projects/2025/autonomy-bootcamp-2025-p2/modules/heartbeat/heartbeat_receiver_worker.py | heartbeat_receiver_worker | 71] Sleeping for 1 seconds
13:57:14: [INFO] [/Users/danielwliu/Dev/projects/2025/autonomy-bootcamp-2025-p2/modules/heartbeat/heartbeat_receiver_worker.py | heartbeat_receiver_worker | 63] Attempting to receive heartbeat
13:57:14: [INFO] [/Users/danielwliu/Dev/projects/2025/autonomy-bootcamp-2025-p2/modules/heartbeat/heartbeat_receiver.py | run | 64] Heartbeat received successfully
13:57:14: [INFO] [/Users/danielwliu/Dev/projects/2025/autonomy-bootcamp-2025-p2/modules/heartbeat/heartbeat_receiver_worker.py | heartbeat_receiver_worker | 71] Sleeping for 1 seconds
13:57:15: [INFO] [/Users/danielwliu/Dev/projects/2025/autonomy-bootcamp-2025-p2/modules/heartbeat/heartbeat_receiver_worker.py | heartbeat_receiver_worker | 63] Attempting to receive heartbeat
13:57:15: [INFO] [/Users/danielwliu/Dev/projects/2025/autonomy-bootcamp-2025-p2/modules/heartbeat/heartbeat_receiver.py | run | 64] Heartbeat received successfully
13:57:15: [INFO] [/Users/danielwliu/Dev/projects/2025/autonomy-bootcamp-2025-p2/modules/heartbeat/heartbeat_receiver_worker.py | heartbeat_receiver_worker | 71] Sleeping for 1 seconds
13:57:16: [INFO] [/Users/danielwliu/Dev/projects/2025/autonomy-bootcamp-2025-p2/modules/heartbeat/heartbeat_receiver_worker.py | heartbeat_receiver_worker | 63] Attempting to receive heartbeat
13:57:16: [INFO] [/Users/danielwliu/Dev/projects/2025/autonomy-bootcamp-2025-p2/modules/heartbeat/heartbeat_receiver.py | run | 64] Heartbeat received successfully
13:57:16: [INFO] [/Users/danielwliu/Dev/projects/2025/autonomy-bootcamp-2025-p2/modules/heartbeat/heartbeat_receiver_worker.py | heartbeat_receiver_worker | 71] Sleeping for 1 seconds
13:57:17: [INFO] [/Users/danielwliu/Dev/projects/2025/autonomy-bootcamp-2025-p2/modules/heartbeat/heartbeat_receiver_worker.py | heartbeat_receiver_worker | 63] Attempting to receive heartbeat
13:57:17: [INFO] [/Users/danielwliu/Dev/projects/2025/autonomy-bootcamp-2025-p2/modules/heartbeat/heartbeat_receiver.py | run | 64] Heartbeat received successfully
13:57:17: [INFO] [/Users/danielwliu/Dev/projects/2025/autonomy-bootcamp-2025-p2/modules/heartbeat/heartbeat_receiver_worker.py | heartbeat_receiver_worker | 71] Sleeping for 1 seconds
13:57:18: [INFO] [/Users/danielwliu/Dev/projects/2025/autonomy-bootcamp-2025-p2/modules/heartbeat/heartbeat_receiver_worker.py | heartbeat_receiver_worker | 63] Attempting to receive heartbeat
13:57:18: [WARNING] [/Users/danielwliu/Dev/projects/2025/autonomy-bootcamp-2025-p2/modules/heartbeat/heartbeat_receiver.py | run | 67] No heartbeat received, consecutive failures: 1
13:57:18: [INFO] [/Users/danielwliu/Dev/projects/2025/autonomy-bootcamp-2025-p2/modules/heartbeat/heartbeat_receiver_worker.py | heartbeat_receiver_worker | 71] Sleeping for 1 seconds
13:57:19: [INFO] [/Users/danielwliu/Dev/projects/2025/autonomy-bootcamp-2025-p2/modules/heartbeat/heartbeat_receiver_worker.py | heartbeat_receiver_worker | 63] Attempting to receive heartbeat
13:57:19: [INFO] [/Users/danielwliu/Dev/projects/2025/autonomy-bootcamp-2025-p2/modules/heartbeat/heartbeat_receiver.py | run | 64] Heartbeat received successfully
13:57:19: [INFO] [/Users/danielwliu/Dev/projects/2025/autonomy-bootcamp-2025-p2/modules/heartbeat/heartbeat_receiver_worker.py | heartbeat_receiver_worker | 71] Sleeping for 1 seconds
13:57:20: [INFO] [/Users/danielwliu/Dev/projects/2025/autonomy-bootcamp-2025-p2/modules/heartbeat/heartbeat_receiver_worker.py | heartbeat_receiver_worker | 63] Attempting to receive heartbeat
13:57:20: [WARNING] [/Users/danielwliu/Dev/projects/2025/autonomy-bootcamp-2025-p2/modules/heartbeat/heartbeat_receiver.py | run | 67] No heartbeat received, consecutive failures: 1
13:57:20: [INFO] [/Users/danielwliu/Dev/projects/2025/autonomy-bootcamp-2025-p2/modules/heartbeat/heartbeat_receiver_worker.py | heartbeat_receiver_worker | 71] Sleeping for 1 seconds
13:57:21: [INFO] [/Users/danielwliu/Dev/projects/2025/autonomy-bootcamp-2025-p2/modules/heartbeat/heartbeat_receiver_worker.py | heartbeat_receiver_worker | 74] Heartbeat receiving loop exited
