13:59:53: [INFO] [/Users/danielwliu/Dev/projects/2025/autonomy-bootcamp-2025-p2/modules/telemetry/telemetry_worker.py | telemetry_worker | 46] Logger initialized
13:59:53: [INFO] [/Users/danielwliu/Dev/projects/2025/autonomy-bootcamp-2025-p2/modules/telemetry/telemetry.py | run | 115] Received ATTITUDE message
13:59:53: [INFO] [/Users/danielwliu/Dev/projects/2025/autonomy-bootcamp-2025-p2/modules/telemetry/telemetry.py | run | 118] Received LOCAL_POSITION_NED message
13:59:53: [INFO] [/Users/danielwliu/Dev/projects/2025/autonomy-bootcamp-2025-p2/modules/telemetry/telemetry.py | run | 137] Returning TelemetryData: {
            time_since_boot: 0,
            x: 0.0,
            y: 0.0,
            z: 0.0,
            x_velocity: 1.0,
            y_velocity: 0.0,
            z_velocity: 0.0,
            roll: 0.0,
            pitch: 0.0,
            yaw: 0.0,
            roll_speed: 0.0,
            pitch_speed: 0.0,
            yaw_speed: 3.1415927410125732
        }
13:59:53: [INFO] [/Users/danielwliu/Dev/projects/2025/autonomy-bootcamp-2025-p2/modules/telemetry/telemetry.py | run | 115] Received ATTITUDE message
13:59:53: [INFO] [/Users/danielwliu/Dev/projects/2025/autonomy-bootcamp-2025-p2/modules/telemetry/telemetry.py | run | 118] Received LOCAL_POSITION_NED message
13:59:53: [INFO] [/Users/danielwliu/Dev/projects/2025/autonomy-bootcamp-2025-p2/modules/telemetry/telemetry.py | run | 137] Returning TelemetryData: {
            time_since_boot: 500,
            x: 0.5,
            y: 0.0,
            z: 0.0,
            x_velocity: 1.0,
            y_velocity: 0.0,
            z_velocity: 0.0,
            roll: 0.0,
            pitch: 0.0,
            yaw: 1.0471975803375244,
            roll_speed: 0.0,
            pitch_speed: 0.0,
            yaw_speed: 3.1415927410125732
        }
13:59:53: [INFO] [/Users/danielwliu/Dev/projects/2025/autonomy-bootcamp-2025-p2/modules/telemetry/telemetry.py | run | 115] Received ATTITUDE message
13:59:54: [INFO] [/Users/danielwliu/Dev/projects/2025/autonomy-bootcamp-2025-p2/modules/telemetry/telemetry.py | run | 115] Received ATTITUDE message
13:59:54: [INFO] [/Users/danielwliu/Dev/projects/2025/autonomy-bootcamp-2025-p2/modules/telemetry/telemetry.py | run | 118] Received LOCAL_POSITION_NED message
13:59:54: [INFO] [/Users/danielwliu/Dev/projects/2025/autonomy-bootcamp-2025-p2/modules/telemetry/telemetry.py | run | 137] Returning TelemetryData: {
            time_since_boot: 1000,
            x: 1.0,
            y: 0.0,
            z: 0.0,
            x_velocity: 1.0,
            y_velocity: 0.0,
            z_velocity: 0.0,
            roll: 0.0,
            pitch: 0.0,
            yaw: 3.1415927410125732,
            roll_speed: 0.0,
            pitch_speed: 0.0,
            yaw_speed: 3.1415927410125732
        }
13:59:54: [INFO] [/Users/danielwliu/Dev/projects/2025/autonomy-bootcamp-2025-p2/modules/telemetry/telemetry.py | run | 115] Received ATTITUDE message
13:59:54: [INFO] [/Users/danielwliu/Dev/projects/2025/autonomy-bootcamp-2025-p2/modules/telemetry/telemetry.py | run | 118] Received LOCAL_POSITION_NED message
13:59:54: [INFO] [/Users/danielwliu/Dev/projects/2025/autonomy-bootcamp-2025-p2/modules/telemetry/telemetry.py | run | 137] Returning TelemetryData: {
            time_since_boot: 1500,
            x: 1.5,
            y: 0.0,
            z: 0.0,
            x_velocity: 1.0,
            y_velocity: 0.0,
            z_velocity: 0.0,
            roll: 0.0,
            pitch: 0.0,
            yaw: -2.094395160675049,
            roll_speed: 0.0,
            pitch_speed: 0.0,
            yaw_speed: 3.1415927410125732
        }
13:59:54: [INFO] [/Users/danielwliu/Dev/projects/2025/autonomy-bootcamp-2025-p2/modules/telemetry/telemetry.py | run | 115] Received ATTITUDE message
13:59:55: [INFO] [/Users/danielwliu/Dev/projects/2025/autonomy-bootcamp-2025-p2/modules/telemetry/telemetry.py | run | 115] Received ATTITUDE message
13:59:55: [INFO] [/Users/danielwliu/Dev/projects/2025/autonomy-bootcamp-2025-p2/modules/telemetry/telemetry.py | run | 118] Received LOCAL_POSITION_NED message
13:59:55: [INFO] [/Users/danielwliu/Dev/projects/2025/autonomy-bootcamp-2025-p2/modules/telemetry/telemetry.py | run | 137] Returning TelemetryData: {
            time_since_boot: 2000,
            x: 2.0,
            y: 0.0,
            z: 0.0,
            x_velocity: 1.0,
            y_velocity: 0.0,
            z_velocity: 0.0,
            roll: 0.0,
            pitch: 0.0,
            yaw: 0.0,
            roll_speed: 0.0,
            pitch_speed: 0.0,
            yaw_speed: 3.1415927410125732
        }
13:59:55: [INFO] [/Users/danielwliu/Dev/projects/2025/autonomy-bootcamp-2025-p2/modules/telemetry/telemetry.py | run | 115] Received ATTITUDE message
13:59:55: [INFO] [/Users/danielwliu/Dev/projects/2025/autonomy-bootcamp-2025-p2/modules/telemetry/telemetry.py | run | 118] Received LOCAL_POSITION_NED message
13:59:55: [INFO] [/Users/danielwliu/Dev/projects/2025/autonomy-bootcamp-2025-p2/modules/telemetry/telemetry.py | run | 137] Returning TelemetryData: {
            time_since_boot: 2500,
            x: 2.5,
            y: 0.0,
            z: 0.0,
            x_velocity: 1.0,
            y_velocity: 0.0,
            z_velocity: 0.0,
            roll: 0.0,
            pitch: 0.0,
            yaw: 1.0471975803375244,
            roll_speed: 0.0,
            pitch_speed: 0.0,
            yaw_speed: 3.1415927410125732
        }
13:59:55: [INFO] [/Users/danielwliu/Dev/projects/2025/autonomy-bootcamp-2025-p2/modules/telemetry/telemetry.py | run | 115] Received ATTITUDE message
13:59:56: [INFO] [/Users/danielwliu/Dev/projects/2025/autonomy-bootcamp-2025-p2/modules/telemetry/telemetry.py | run | 115] Received ATTITUDE message
13:59:56: [INFO] [/Users/danielwliu/Dev/projects/2025/autonomy-bootcamp-2025-p2/modules/telemetry/telemetry.py | run | 118] Received LOCAL_POSITION_NED message
13:59:56: [INFO] [/Users/danielwliu/Dev/projects/2025/autonomy-bootcamp-2025-p2/modules/telemetry/telemetry.py | run | 137] Returning TelemetryData: {
            time_since_boot: 3000,
            x: 3.0,
            y: 0.0,
            z: 0.0,
            x_velocity: 1.0,
            y_velocity: 0.0,
            z_velocity: 0.0,
            roll: 0.0,
            pitch: 0.0,
            yaw: 3.1415927410125732,
            roll_speed: 0.0,
            pitch_speed: 0.0,
            yaw_speed: 3.1415927410125732
        }
13:59:56: [INFO] [/Users/danielwliu/Dev/projects/2025/autonomy-bootcamp-2025-p2/modules/telemetry/telemetry.py | run | 115] Received ATTITUDE message
13:59:56: [INFO] [/Users/danielwliu/Dev/projects/2025/autonomy-bootcamp-2025-p2/modules/telemetry/telemetry.py | run | 118] Received LOCAL_POSITION_NED message
13:59:56: [INFO] [/Users/danielwliu/Dev/projects/2025/autonomy-bootcamp-2025-p2/modules/telemetry/telemetry.py | run | 137] Returning TelemetryData: {
            time_since_boot: 3500,
            x: 3.5,
            y: 0.0,
            z: 0.0,
            x_velocity: 1.0,
            y_velocity: 0.0,
            z_velocity: 0.0,
            roll: 0.0,
            pitch: 0.0,
            yaw: -2.094395160675049,
            roll_speed: 0.0,
            pitch_speed: 0.0,
            yaw_speed: 3.1415927410125732
        }
13:59:56: [INFO] [/Users/danielwliu/Dev/projects/2025/autonomy-bootcamp-2025-p2/modules/telemetry/telemetry.py | run | 115] Received ATTITUDE message
13:59:57: [INFO] [/Users/danielwliu/Dev/projects/2025/autonomy-bootcamp-2025-p2/modules/telemetry/telemetry.py | run | 115] Received ATTITUDE message
13:59:57: [INFO] [/Users/danielwliu/Dev/projects/2025/autonomy-bootcamp-2025-p2/modules/telemetry/telemetry.py | run | 118] Received LOCAL_POSITION_NED message
13:59:57: [INFO] [/Users/danielwliu/Dev/projects/2025/autonomy-bootcamp-2025-p2/modules/telemetry/telemetry.py | run | 137] Returning TelemetryData: {
            time_since_boot: 4000,
            x: 4.0,
            y: 0.0,
            z: 0.0,
            x_velocity: 1.0,
            y_velocity: 0.0,
            z_velocity: 0.0,
            roll: 0.0,
            pitch: 0.0,
            yaw: 0.0,
            roll_speed: 0.0,
            pitch_speed: 0.0,
            yaw_speed: 3.1415927410125732
        }
13:59:57: [INFO] [/Users/danielwliu/Dev/projects/2025/autonomy-bootcamp-2025-p2/modules/telemetry/telemetry.py | run | 115] Received ATTITUDE message
13:59:57: [INFO] [/Users/danielwliu/Dev/projects/2025/autonomy-bootcamp-2025-p2/modules/telemetry/telemetry.py | run | 118] Received LOCAL_POSITION_NED message
13:59:57: [INFO] [/Users/danielwliu/Dev/projects/2025/autonomy-bootcamp-2025-p2/modules/telemetry/telemetry.py | run | 137] Returning TelemetryData: {
            time_since_boot: 4500,
            x: 4.5,
            y: 0.0,
            z: 0.0,
            x_velocity: 1.0,
            y_velocity: 0.0,
            z_velocity: 0.0,
            roll: 0.0,
            pitch: 0.0,
            yaw: 1.0471975803375244,
            roll_speed: 0.0,
            pitch_speed: 0.0,
            yaw_speed: 3.1415927410125732
        }
13:59:57: [INFO] [/Users/danielwliu/Dev/projects/2025/autonomy-bootcamp-2025-p2/modules/telemetry/telemetry.py | run | 115] Received ATTITUDE message
13:59:58: [ERROR] [/Users/danielwliu/Dev/projects/2025/autonomy-bootcamp-2025-p2/modules/telemetry/telemetry.py | run | 143] Timeout: Did not receive both ATTITUDE and LOCAL_POSITION_NED within 1 second
13:59:59: [INFO] [/Users/danielwliu/Dev/projects/2025/autonomy-bootcamp-2025-p2/modules/telemetry/telemetry.py | run | 115] Received ATTITUDE message
13:59:59: [ERROR] [/Users/danielwliu/Dev/projects/2025/autonomy-bootcamp-2025-p2/modules/telemetry/telemetry.py | run | 143] Timeout: Did not receive both ATTITUDE and LOCAL_POSITION_NED within 1 second
14:00:00: [INFO] [/Users/danielwliu/Dev/projects/2025/autonomy-bootcamp-2025-p2/modules/telemetry/telemetry.py | run | 118] Received LOCAL_POSITION_NED message
14:00:00: [ERROR] [/Users/danielwliu/Dev/projects/2025/autonomy-bootcamp-2025-p2/modules/telemetry/telemetry.py | run | 143] Timeout: Did not receive both ATTITUDE and LOCAL_POSITION_NED within 1 second
14:00:01: [INFO] [/Users/danielwliu/Dev/projects/2025/autonomy-bootcamp-2025-p2/modules/telemetry/telemetry.py | run | 115] Received ATTITUDE message
14:00:01: [INFO] [/Users/danielwliu/Dev/projects/2025/autonomy-bootcamp-2025-p2/modules/telemetry/telemetry.py | run | 118] Received LOCAL_POSITION_NED message
14:00:01: [INFO] [/Users/danielwliu/Dev/projects/2025/autonomy-bootcamp-2025-p2/modules/telemetry/telemetry.py | run | 137] Returning TelemetryData: {
            time_since_boot: 0,
            x: 0.0,
            y: 0.0,
            z: 0.0,
            x_velocity: 1.0,
            y_velocity: 0.0,
            z_velocity: 0.0,
            roll: 0.0,
            pitch: 0.0,
            yaw: 0.0,
            roll_speed: 0.0,
            pitch_speed: 0.0,
            yaw_speed: 3.1415927410125732
        }
14:00:01: [INFO] [/Users/danielwliu/Dev/projects/2025/autonomy-bootcamp-2025-p2/modules/telemetry/telemetry.py | run | 118] Received LOCAL_POSITION_NED message
14:00:01: [INFO] [/Users/danielwliu/Dev/projects/2025/autonomy-bootcamp-2025-p2/modules/telemetry/telemetry.py | run | 115] Received ATTITUDE message
14:00:01: [INFO] [/Users/danielwliu/Dev/projects/2025/autonomy-bootcamp-2025-p2/modules/telemetry/telemetry.py | run | 137] Returning TelemetryData: {
            time_since_boot: 500,
            x: 0.3333333432674408,
            y: 0.0,
            z: 0.0,
            x_velocity: 1.0,
            y_velocity: 0.0,
            z_velocity: 0.0,
            roll: 0.0,
            pitch: 0.0,
            yaw: 1.5707963705062866,
            roll_speed: 0.0,
            pitch_speed: 0.0,
            yaw_speed: 3.1415927410125732
        }
14:00:01: [INFO] [/Users/danielwliu/Dev/projects/2025/autonomy-bootcamp-2025-p2/modules/telemetry/telemetry.py | run | 118] Received LOCAL_POSITION_NED message
14:00:02: [INFO] [/Users/danielwliu/Dev/projects/2025/autonomy-bootcamp-2025-p2/modules/telemetry/telemetry.py | run | 115] Received ATTITUDE message
14:00:02: [INFO] [/Users/danielwliu/Dev/projects/2025/autonomy-bootcamp-2025-p2/modules/telemetry/telemetry.py | run | 137] Returning TelemetryData: {
            time_since_boot: 1000,
            x: 0.6666666865348816,
            y: 0.0,
            z: 0.0,
            x_velocity: 1.0,
            y_velocity: 0.0,
            z_velocity: 0.0,
            roll: 0.0,
            pitch: 0.0,
            yaw: 3.1415927410125732,
            roll_speed: 0.0,
            pitch_speed: 0.0,
            yaw_speed: 3.1415927410125732
        }
14:00:02: [INFO] [/Users/danielwliu/Dev/projects/2025/autonomy-bootcamp-2025-p2/modules/telemetry/telemetry.py | run | 118] Received LOCAL_POSITION_NED message
14:00:02: [INFO] [/Users/danielwliu/Dev/projects/2025/autonomy-bootcamp-2025-p2/modules/telemetry/telemetry.py | run | 118] Received LOCAL_POSITION_NED message
14:00:02: [INFO] [/Users/danielwliu/Dev/projects/2025/autonomy-bootcamp-2025-p2/modules/telemetry/telemetry.py | run | 115] Received ATTITUDE message
14:00:02: [INFO] [/Users/danielwliu/Dev/projects/2025/autonomy-bootcamp-2025-p2/modules/telemetry/telemetry.py | run | 137] Returning TelemetryData: {
            time_since_boot: 1500,
            x: 1.3333333730697632,
            y: 0.0,
            z: 0.0,
            x_velocity: 1.0,
            y_velocity: 0.0,
            z_velocity: 0.0,
            roll: 0.0,
            pitch: 0.0,
            yaw: -1.5707963705062866,
            roll_speed: 0.0,
            pitch_speed: 0.0,
            yaw_speed: 3.1415927410125732
        }
14:00:02: [INFO] [/Users/danielwliu/Dev/projects/2025/autonomy-bootcamp-2025-p2/modules/telemetry/telemetry.py | run | 118] Received LOCAL_POSITION_NED message
14:00:03: [INFO] [/Users/danielwliu/Dev/projects/2025/autonomy-bootcamp-2025-p2/modules/telemetry/telemetry.py | run | 115] Received ATTITUDE message
14:00:03: [INFO] [/Users/danielwliu/Dev/projects/2025/autonomy-bootcamp-2025-p2/modules/telemetry/telemetry.py | run | 137] Returning TelemetryData: {
            time_since_boot: 2000,
            x: 1.6666666269302368,
            y: 0.0,
            z: 0.0,
            x_velocity: 1.0,
            y_velocity: 0.0,
            z_velocity: 0.0,
            roll: 0.0,
            pitch: 0.0,
            yaw: 0.0,
            roll_speed: 0.0,
            pitch_speed: 0.0,
            yaw_speed: 3.1415927410125732
        }
14:00:03: [INFO] [/Users/danielwliu/Dev/projects/2025/autonomy-bootcamp-2025-p2/modules/telemetry/telemetry.py | run | 118] Received LOCAL_POSITION_NED message
14:00:03: [INFO] [/Users/danielwliu/Dev/projects/2025/autonomy-bootcamp-2025-p2/modules/telemetry/telemetry.py | run | 118] Received LOCAL_POSITION_NED message
14:00:03: [INFO] [/Users/danielwliu/Dev/projects/2025/autonomy-bootcamp-2025-p2/modules/telemetry/telemetry.py | run | 115] Received ATTITUDE message
14:00:03: [INFO] [/Users/danielwliu/Dev/projects/2025/autonomy-bootcamp-2025-p2/modules/telemetry/telemetry.py | run | 137] Returning TelemetryData: {
            time_since_boot: 2500,
            x: 2.3333332538604736,
            y: 0.0,
            z: 0.0,
            x_velocity: 1.0,
            y_velocity: 0.0,
            z_velocity: 0.0,
            roll: 0.0,
            pitch: 0.0,
            yaw: 1.5707963705062866,
            roll_speed: 0.0,
            pitch_speed: 0.0,
            yaw_speed: 3.1415927410125732
        }
14:00:03: [INFO] [/Users/danielwliu/Dev/projects/2025/autonomy-bootcamp-2025-p2/modules/telemetry/telemetry.py | run | 118] Received LOCAL_POSITION_NED message
14:00:04: [INFO] [/Users/danielwliu/Dev/projects/2025/autonomy-bootcamp-2025-p2/modules/telemetry/telemetry.py | run | 115] Received ATTITUDE message
14:00:04: [INFO] [/Users/danielwliu/Dev/projects/2025/autonomy-bootcamp-2025-p2/modules/telemetry/telemetry.py | run | 137] Returning TelemetryData: {
            time_since_boot: 3000,
            x: 2.6666667461395264,
            y: 0.0,
            z: 0.0,
            x_velocity: 1.0,
            y_velocity: 0.0,
            z_velocity: 0.0,
            roll: 0.0,
            pitch: 0.0,
            yaw: 3.1415927410125732,
            roll_speed: 0.0,
            pitch_speed: 0.0,
            yaw_speed: 3.1415927410125732
        }
14:00:04: [INFO] [/Users/danielwliu/Dev/projects/2025/autonomy-bootcamp-2025-p2/modules/telemetry/telemetry.py | run | 118] Received LOCAL_POSITION_NED message
14:00:04: [INFO] [/Users/danielwliu/Dev/projects/2025/autonomy-bootcamp-2025-p2/modules/telemetry/telemetry.py | run | 118] Received LOCAL_POSITION_NED message
14:00:04: [INFO] [/Users/danielwliu/Dev/projects/2025/autonomy-bootcamp-2025-p2/modules/telemetry/telemetry.py | run | 115] Received ATTITUDE message
14:00:04: [INFO] [/Users/danielwliu/Dev/projects/2025/autonomy-bootcamp-2025-p2/modules/telemetry/telemetry.py | run | 137] Returning TelemetryData: {
            time_since_boot: 3500,
            x: 3.3333332538604736,
            y: 0.0,
            z: 0.0,
            x_velocity: 1.0,
            y_velocity: 0.0,
            z_velocity: 0.0,
            roll: 0.0,
            pitch: 0.0,
            yaw: -1.5707963705062866,
            roll_speed: 0.0,
            pitch_speed: 0.0,
            yaw_speed: 3.1415927410125732
        }
14:00:04: [INFO] [/Users/danielwliu/Dev/projects/2025/autonomy-bootcamp-2025-p2/modules/telemetry/telemetry.py | run | 118] Received LOCAL_POSITION_NED message
14:00:05: [INFO] [/Users/danielwliu/Dev/projects/2025/autonomy-bootcamp-2025-p2/modules/telemetry/telemetry.py | run | 115] Received ATTITUDE message
14:00:05: [INFO] [/Users/danielwliu/Dev/projects/2025/autonomy-bootcamp-2025-p2/modules/telemetry/telemetry.py | run | 137] Returning TelemetryData: {
            time_since_boot: 4000,
            x: 3.6666667461395264,
            y: 0.0,
            z: 0.0,
            x_velocity: 1.0,
            y_velocity: 0.0,
            z_velocity: 0.0,
            roll: 0.0,
            pitch: 0.0,
            yaw: 0.0,
            roll_speed: 0.0,
            pitch_speed: 0.0,
            yaw_speed: 3.1415927410125732
        }
14:00:05: [INFO] [/Users/danielwliu/Dev/projects/2025/autonomy-bootcamp-2025-p2/modules/telemetry/telemetry.py | run | 118] Received LOCAL_POSITION_NED message
14:00:05: [INFO] [/Users/danielwliu/Dev/projects/2025/autonomy-bootcamp-2025-p2/modules/telemetry/telemetry.py | run | 118] Received LOCAL_POSITION_NED message
14:00:05: [INFO] [/Users/danielwliu/Dev/projects/2025/autonomy-bootcamp-2025-p2/modules/telemetry/telemetry.py | run | 115] Received ATTITUDE message
14:00:05: [INFO] [/Users/danielwliu/Dev/projects/2025/autonomy-bootcamp-2025-p2/modules/telemetry/telemetry.py | run | 137] Returning TelemetryData: {
            time_since_boot: 4500,
            x: 4.333333492279053,
            y: 0.0,
            z: 0.0,
            x_velocity: 1.0,
            y_velocity: 0.0,
            z_velocity: 0.0,
            roll: 0.0,
            pitch: 0.0,
            yaw: 1.5707963705062866,
            roll_speed: 0.0,
            pitch_speed: 0.0,
            yaw_speed: 3.1415927410125732
        }
14:00:05: [INFO] [/Users/danielwliu/Dev/projects/2025/autonomy-bootcamp-2025-p2/modules/telemetry/telemetry.py | run | 118] Received LOCAL_POSITION_NED message
14:00:06: [ERROR] [/Users/danielwliu/Dev/projects/2025/autonomy-bootcamp-2025-p2/modules/telemetry/telemetry.py | run | 143] Timeout: Did not receive both ATTITUDE and LOCAL_POSITION_NED within 1 second
